#
# A fatal error has been detected by the Java Runtime Environment:
#
#  EXCEPTION_ACCESS_VIOLATION (0xc0000005) at pc=0x0000000180005b00, pid=50940, tid=45000
#
# JRE version: Java(TM) SE Runtime Environment (17.0.3.1+2) (build 17.0.3.1+2-LTS-6)
# Java VM: Java HotSpot(TM) 64-Bit Server VM (17.0.3.1+2-LTS-6, mixed mode, sharing, tiered, compressed oops, compressed class ptrs, g1 gc, windows-amd64)
# Problematic frame:
# C  [rxtxSerial.dll+0x5b00]
#
# No core dump will be written. Minidumps are not enabled by default on client versions of Windows
#
# If you would like to submit a bug report, please visit:
#   https://bugreport.java.com/bugreport/crash.jsp
# The crash happened outside the Java Virtual Machine in native code.
# See problematic frame for where to report the bug.
#

---------------  S U M M A R Y ------------

Command Line: -javaagent:F:\IDEA\IntelliJ IDEA 2021.3.3\lib\idea_rt.jar=53703:F:\IDEA\IntelliJ IDEA 2021.3.3\bin -Dfile.encoding=UTF-8 chuankou.ContinueckRead

Host: 12th Gen Intel(R) Core(TM) i5-12500H, 16 cores, 15G,  Windows 11 , 64 bit Build 22000 (10.0.22000.1516)
Time: Tue Apr 11 18:01:00 2023  Windows 11 , 64 bit Build 22000 (10.0.22000.1516) elapsed time: 4.074022 seconds (0d 0h 0m 4s)

---------------  T H R E A D  ---------------

Current thread (0x000002376471e8c0):  JavaThread "Thread-1" [_thread_in_native, id=45000, stack(0x0000009e1be00000,0x0000009e1bf00000)]

Stack: [0x0000009e1be00000,0x0000009e1bf00000],  sp=0x0000009e1befe670,  free space=1017k
Native frames: (J=compiled Java code, j=interpreted, Vv=VM code, C=native code)
C  [rxtxSerial.dll+0x5b00]

Java frames: (J=compiled Java code, j=interpreted, Vv=VM code)
j  gnu.io.RXTXPort.readArray([BII)I+0
j  gnu.io.RXTXPort$SerialInputStream.read([BII)I+212
j  gnu.io.RXTXPort$SerialInputStream.read([B)I+60
j  chuankou.ContinueckRead.serialEvent(Lgnu/io/SerialPortEvent;)V+85
j  gnu.io.RXTXPort.sendEvent(IZ)Z+382
v  ~StubRoutines::call_stub
j  gnu.io.RXTXPort.eventLoop()V+0
j  gnu.io.RXTXPort$MonitorThread.run()V+12
v  ~StubRoutines::call_stub

siginfo: EXCEPTION_ACCESS_VIOLATION (0xc0000005), reading address 0x000000001beff108


Register to memory mapping:

RIP=0x0000000180005b00 rxtxSerial.dll
RAX=0x0000000000000001 is an unknown value
RBX=0x0 is NULL
RCX=0x000000018001d4d5 rxtxSerial.dll
RDX=0xfffffffffffff665 is an unknown value
RSP=0x0000009e1befe670 is pointing into the stack for thread: 0x000002376471e8c0
RBP=0x00000000ffffffff is an unknown value
RSI=0x0 is NULL
RDI=0x000002376471eb68 points into unknown readable memory: 0x00007fffb5cb5650 | 50 56 cb b5 ff 7f 00 00
R8 =0x0000000000000002 is an unknown value
R9 =0xfffffffffffff63c is an unknown value
R10=0x00007fffb5d349e0 jvm.dll
R11=0x8101010101010100 is an unknown value
R12=0x000000001beff100 is an unknown value
R13=0x0000000000000006 is an unknown value
R14=0x0000009e1befe860 is pointing into the stack for thread: 0x000002376471e8c0
R15=0x0 is NULL


Registers:
RAX=0x0000000000000001, RBX=0x0000000000000000, RCX=0x000000018001d4d5, RDX=0xfffffffffffff665
RSP=0x0000009e1befe670, RBP=0x00000000ffffffff, RSI=0x0000000000000000, RDI=0x000002376471eb68
R8 =0x0000000000000002, R9 =0xfffffffffffff63c, R10=0x00007fffb5d349e0, R11=0x8101010101010100
R12=0x000000001beff100, R13=0x0000000000000006, R14=0x0000009e1befe860, R15=0x0000000000000000
RIP=0x0000000180005b00, EFLAGS=0x0000000000010202

Top of Stack: (sp=0x0000009e1befe670)
0x0000009e1befe670:   0000000000000000 0000000000000000
0x0000009e1befe680:   0000000000000000 00007fffb5614068
0x0000009e1befe690:   0000000000000000 0000009e1befe860
0x0000009e1befe6a0:   000002376400f3c0 0000000000000001
0x0000009e1befe6b0:   000002376471eb68 0000000000000006
0x0000009e1befe6c0:   ffffffffffffffff 0000000180006211
0x0000009e1befe6d0:   000002376471ac10 0000000000000001
0x0000009e1befe6e0:   0000009e00000001 000002376471ac10
0x0000009e1befe6f0:   0000023700000006 0000009effffffff
0x0000009e1befe700:   0000009e1befe868 0000000000000cbc
0x0000009e1befe710:   0000000000000cbc 000002376400f3c0
0x0000009e1befe720:   0000009e1befe830 00007fffb55ae952
0x0000009e1befe730:   00000000000155b4 0000000000000110
0x0000009e1befe740:   000002376471e8c0 00007872b3d2036e
0x0000009e1befe750:   000002376400f3c8 000002376400f3c0
0x0000009e1befe760:   000002376471e8c0 0000009e1befe868 

Instructions: (pc=0x0000000180005b00)
0x0000000180005a00:   5d c3 cc cc cc cc cc cc cc cc cc cc cc cc cc cc
0x0000000180005a10:   48 89 5c 24 08 4c 89 4c 24 20 44 89 44 24 18 55
0x0000000180005a20:   56 57 41 54 41 55 41 56 41 57 48 83 ec 20 48 8b
0x0000000180005a30:   2a 48 8b 01 33 db 48 8b d5 48 8b f9 44 8b fb 8b
0x0000000180005a40:   f3 ff 90 f8 00 00 00 4c 8d 0d 9e 70 01 00 4c 8b
0x0000000180005a50:   e0 48 8b 07 4c 8d 05 b5 70 01 00 49 8b d4 48 8b
0x0000000180005a60:   cf ff 90 f0 02 00 00 48 8b cf 4c 8b c0 48 85 c0
0x0000000180005a70:   48 8b 07 75 28 ff 90 80 00 00 00 4c 8b 1f 48 8b
0x0000000180005a80:   cf 41 ff 93 88 00 00 00 4c 8b 1f 49 8b d4 48 8b
0x0000000180005a90:   cf 41 ff 93 b8 00 00 00 4c 8b e3 eb 54 48 8b d5
0x0000000180005aa0:   ff 90 20 03 00 00 49 8b d4 48 8b cf 48 63 e8 48
0x0000000180005ab0:   8b 07 ff 90 b8 00 00 00 48 8d 15 51 70 01 00 48
0x0000000180005ac0:   8d 0d 0e 7a 01 00 41 b8 02 00 00 00 e8 6f 62 00
0x0000000180005ad0:   00 85 c0 75 19 85 ed 75 15 e8 c2 5e 00 00 48 8d
0x0000000180005ae0:   15 23 7a 01 00 48 8d 48 60 e8 3a 5d 00 00 4c 8b
0x0000000180005af0:   e5 8b ac 24 88 00 00 00 44 8b ac 24 80 00 00 00
0x0000000180005b00:   45 8b 74 24 08 41 89 5c 24 08 41 8b fd 85 ed 78
0x0000000180005b10:   09 ff 15 e9 14 01 00 44 8b f8 45 85 ed 7e 4a 90
0x0000000180005b20:   8b c6 ff c6 83 f8 14 7d 40 85 ed 78 0d ff 15 cd
0x0000000180005b30:   14 01 00 41 2b c7 3b c5 7d 2f 8b 4c 24 70 48 63
0x0000000180005b40:   d3 44 8b c7 48 03 54 24 78 e8 a2 31 00 00 85 c0
0x0000000180005b50:   78 33 74 06 03 d8 2b f8 eb 0a b9 e8 03 00 00 e8
0x0000000180005b60:   1c 1c 00 00 41 3b dd 7c b7 8b c3 45 89 74 24 08
0x0000000180005b70:   48 8b 5c 24 60 48 83 c4 20 41 5f 41 5e 41 5d 41
0x0000000180005b80:   5c 5f 5e 5d c3 e8 1e 61 00 00 83 38 04 74 05 e8
0x0000000180005b90:   14 61 00 00 83 c8 ff eb d2 cc cc cc cc cc cc cc
0x0000000180005ba0:   40 53 55 56 57 41 54 41 55 48 81 ec b8 00 00 00
0x0000000180005bb0:   48 8b 05 71 85 01 00 48 33 c4 48 89 84 24 a0 00
0x0000000180005bc0:   00 00 48 8b 01 45 8b e9 41 8b f8 48 8b f2 48 8b
0x0000000180005bd0:   d9 ff 90 f8 00 00 00 4c 8b 13 4c 8d 0d 33 6f 01
0x0000000180005be0:   00 4c 8d 05 7c 6f 01 00 48 8b d0 48 8b cb 4c 8b
0x0000000180005bf0:   e0 41 ff 92 f0 02 00 00 33 ed 48 8b cb 4c 8b c0 


Stack slot to memory mapping:
stack at sp + 0 slots: 0x0 is NULL
stack at sp + 1 slots: 0x0 is NULL
stack at sp + 2 slots: 0x0 is NULL
stack at sp + 3 slots: 0x00007fffb5614068 jvm.dll
stack at sp + 4 slots: 0x0 is NULL
stack at sp + 5 slots: 0x0000009e1befe860 is pointing into the stack for thread: 0x000002376471e8c0
stack at sp + 6 slots: 0x000002376400f3c0 is pointing into metadata
stack at sp + 7 slots: 0x0000000000000001 is an unknown value


---------------  P R O C E S S  ---------------

Threads class SMR info:
_java_thread_list=0x00000237647098c0, length=18, elements={
0x0000023763821d10, 0x00000237638237e0, 0x0000023764407ff0, 0x00000237644088b0,
0x0000023764409170, 0x0000023764409a30, 0x000002376440b6e0, 0x000002376440c090,
0x000002376440e9a0, 0x00000237644c7dd0, 0x0000023763808040, 0x0000023764517190,
0x00000237645207a0, 0x00000237646dc2b0, 0x00000237646e0790, 0x000002376471e8c0,
0x00000237647c0bd0, 0x00000237400f6310
}

Java Threads: ( => current thread )
  0x0000023763821d10 JavaThread "Reference Handler" daemon [_thread_blocked, id=43584, stack(0x0000009e1b000000,0x0000009e1b100000)]
  0x00000237638237e0 JavaThread "Finalizer" daemon [_thread_blocked, id=26256, stack(0x0000009e1b100000,0x0000009e1b200000)]
  0x0000023764407ff0 JavaThread "Signal Dispatcher" daemon [_thread_blocked, id=59532, stack(0x0000009e1b200000,0x0000009e1b300000)]
  0x00000237644088b0 JavaThread "Attach Listener" daemon [_thread_blocked, id=27868, stack(0x0000009e1b300000,0x0000009e1b400000)]
  0x0000023764409170 JavaThread "Service Thread" daemon [_thread_blocked, id=57892, stack(0x0000009e1b400000,0x0000009e1b500000)]
  0x0000023764409a30 JavaThread "Monitor Deflation Thread" daemon [_thread_blocked, id=36960, stack(0x0000009e1b500000,0x0000009e1b600000)]
  0x000002376440b6e0 JavaThread "C2 CompilerThread0" daemon [_thread_blocked, id=32040, stack(0x0000009e1b600000,0x0000009e1b700000)]
  0x000002376440c090 JavaThread "C1 CompilerThread0" daemon [_thread_blocked, id=55776, stack(0x0000009e1b700000,0x0000009e1b800000)]
  0x000002376440e9a0 JavaThread "Sweeper thread" daemon [_thread_blocked, id=59196, stack(0x0000009e1b800000,0x0000009e1b900000)]
  0x00000237644c7dd0 JavaThread "C1 CompilerThread1" daemon [_thread_blocked, id=56176, stack(0x0000009e1b900000,0x0000009e1ba00000)]
  0x0000023763808040 JavaThread "Common-Cleaner" daemon [_thread_blocked, id=59400, stack(0x0000009e1ba00000,0x0000009e1bb00000)]
  0x0000023764517190 JavaThread "C1 CompilerThread2" daemon [_thread_blocked, id=56468, stack(0x0000009e1bb00000,0x0000009e1bc00000)]
  0x00000237645207a0 JavaThread "C1 CompilerThread3" daemon [_thread_blocked, id=54628, stack(0x0000009e1bc00000,0x0000009e1bd00000)]
  0x00000237646dc2b0 JavaThread "Monitor Ctrl-Break" daemon [_thread_in_native, id=43616, stack(0x0000009e1bf00000,0x0000009e1c000000)]
  0x00000237646e0790 JavaThread "Notification Thread" daemon [_thread_blocked, id=60036, stack(0x0000009e1c000000,0x0000009e1c100000)]
=>0x000002376471e8c0 JavaThread "Thread-1" [_thread_in_native, id=45000, stack(0x0000009e1be00000,0x0000009e1bf00000)]
  0x00000237647c0bd0 JavaThread "Thread-0" [_thread_in_Java, id=55256, stack(0x0000009e1c200000,0x0000009e1c300000)]
  0x00000237400f6310 JavaThread "DestroyJavaVM" [_thread_blocked, id=54732, stack(0x0000009e1a900000,0x0000009e1aa00000)]

Other Threads:
  0x000002376381d270 VMThread "VM Thread" [stack: 0x0000009e1af00000,0x0000009e1b000000] [id=52964]
  0x00000237646e75f0 WatcherThread [stack: 0x0000009e1c100000,0x0000009e1c200000] [id=55008]
  0x000002374015f860 GCTaskThread "GC Thread#0" [stack: 0x0000009e1aa00000,0x0000009e1ab00000] [id=47920]
  0x0000023740171370 ConcurrentGCThread "G1 Main Marker" [stack: 0x0000009e1ab00000,0x0000009e1ac00000] [id=49924]
  0x0000023740171d80 ConcurrentGCThread "G1 Conc#0" [stack: 0x0000009e1ac00000,0x0000009e1ad00000] [id=58352]
  0x00000237401ce960 ConcurrentGCThread "G1 Refine#0" [stack: 0x0000009e1ad00000,0x0000009e1ae00000] [id=20268]
  0x00000237636d54f0 ConcurrentGCThread "G1 Service" [stack: 0x0000009e1ae00000,0x0000009e1af00000] [id=53844]

Threads with active compile tasks:

VM state: not at safepoint (normal execution)

VM Mutex/Monitor currently owned by a thread: None

Heap address: 0x0000000704400000, size: 4028 MB, Compressed Oops mode: Zero based, Oop shift amount: 3

CDS archive(s) mapped at: [0x0000000800000000-0x0000000800bc0000-0x0000000800bc0000), size 12320768, SharedBaseAddress: 0x0000000800000000, ArchiveRelocationMode: 0.
Compressed class space mapped at: 0x0000000800c00000-0x0000000840c00000, reserved size: 1073741824
Narrow klass base: 0x0000000800000000, Narrow klass shift: 0, Narrow klass range: 0x100000000

GC Precious Log:
 CPUs: 16 total, 16 available
 Memory: 16108M
 Large Page Support: Disabled
 NUMA Support: Disabled
 Compressed Oops: Enabled (Zero based)
 Heap Region Size: 2M
 Heap Min Capacity: 8M
 Heap Initial Capacity: 252M
 Heap Max Capacity: 4028M
 Pre-touch: Disabled
 Parallel Workers: 13
 Concurrent Workers: 3
 Concurrent Refinement Workers: 13
 Periodic GC: Disabled

Heap:
 garbage-first heap   total 258048K, used 6144K [0x0000000704400000, 0x0000000800000000)
  region size 2048K, 4 young (8192K), 0 survivors (0K)
 Metaspace       used 1238K, committed 1408K, reserved 1056768K
  class space    used 101K, committed 192K, reserved 1048576K

Heap Regions: E=young(eden), S=young(survivor), O=old, HS=humongous(starts), HC=humongous(continues), CS=collection set, F=free, OA=open archive, CA=closed archive, TAMS=top-at-mark-start (previous, next)
|   0|0x0000000704400000, 0x0000000704400000, 0x0000000704600000|  0%| F|  |TAMS 0x0000000704400000, 0x0000000704400000| Untracked 
|   1|0x0000000704600000, 0x0000000704600000, 0x0000000704800000|  0%| F|  |TAMS 0x0000000704600000, 0x0000000704600000| Untracked 
|   2|0x0000000704800000, 0x0000000704800000, 0x0000000704a00000|  0%| F|  |TAMS 0x0000000704800000, 0x0000000704800000| Untracked 
|   3|0x0000000704a00000, 0x0000000704a00000, 0x0000000704c00000|  0%| F|  |TAMS 0x0000000704a00000, 0x0000000704a00000| Untracked 
|   4|0x0000000704c00000, 0x0000000704c00000, 0x0000000704e00000|  0%| F|  |TAMS 0x0000000704c00000, 0x0000000704c00000| Untracked 
|   5|0x0000000704e00000, 0x0000000704e00000, 0x0000000705000000|  0%| F|  |TAMS 0x0000000704e00000, 0x0000000704e00000| Untracked 
|   6|0x0000000705000000, 0x0000000705000000, 0x0000000705200000|  0%| F|  |TAMS 0x0000000705000000, 0x0000000705000000| Untracked 
|   7|0x0000000705200000, 0x0000000705200000, 0x0000000705400000|  0%| F|  |TAMS 0x0000000705200000, 0x0000000705200000| Untracked 
|   8|0x0000000705400000, 0x0000000705400000, 0x0000000705600000|  0%| F|  |TAMS 0x0000000705400000, 0x0000000705400000| Untracked 
|   9|0x0000000705600000, 0x0000000705600000, 0x0000000705800000|  0%| F|  |TAMS 0x0000000705600000, 0x0000000705600000| Untracked 
|  10|0x0000000705800000, 0x0000000705800000, 0x0000000705a00000|  0%| F|  |TAMS 0x0000000705800000, 0x0000000705800000| Untracked 
|  11|0x0000000705a00000, 0x0000000705a00000, 0x0000000705c00000|  0%| F|  |TAMS 0x0000000705a00000, 0x0000000705a00000| Untracked 
|  12|0x0000000705c00000, 0x0000000705c00000, 0x0000000705e00000|  0%| F|  |TAMS 0x0000000705c00000, 0x0000000705c00000| Untracked 
|  13|0x0000000705e00000, 0x0000000705e00000, 0x0000000706000000|  0%| F|  |TAMS 0x0000000705e00000, 0x0000000705e00000| Untracked 
|  14|0x0000000706000000, 0x0000000706000000, 0x0000000706200000|  0%| F|  |TAMS 0x0000000706000000, 0x0000000706000000| Untracked 
|  15|0x0000000706200000, 0x0000000706200000, 0x0000000706400000|  0%| F|  |TAMS 0x0000000706200000, 0x0000000706200000| Untracked 
|  16|0x0000000706400000, 0x0000000706400000, 0x0000000706600000|  0%| F|  |TAMS 0x0000000706400000, 0x0000000706400000| Untracked 
|  17|0x0000000706600000, 0x0000000706600000, 0x0000000706800000|  0%| F|  |TAMS 0x0000000706600000, 0x0000000706600000| Untracked 
|  18|0x0000000706800000, 0x0000000706800000, 0x0000000706a00000|  0%| F|  |TAMS 0x0000000706800000, 0x0000000706800000| Untracked 
|  19|0x0000000706a00000, 0x0000000706a00000, 0x0000000706c00000|  0%| F|  |TAMS 0x0000000706a00000, 0x0000000706a00000| Untracked 
|  20|0x0000000706c00000, 0x0000000706c00000, 0x0000000706e00000|  0%| F|  |TAMS 0x0000000706c00000, 0x0000000706c00000| Untracked 
|  21|0x0000000706e00000, 0x0000000706e00000, 0x0000000707000000|  0%| F|  |TAMS 0x0000000706e00000, 0x0000000706e00000| Untracked 
|  22|0x0000000707000000, 0x0000000707000000, 0x0000000707200000|  0%| F|  |TAMS 0x0000000707000000, 0x0000000707000000| Untracked 
|  23|0x0000000707200000, 0x0000000707200000, 0x0000000707400000|  0%| F|  |TAMS 0x0000000707200000, 0x0000000707200000| Untracked 
|  24|0x0000000707400000, 0x0000000707400000, 0x0000000707600000|  0%| F|  |TAMS 0x0000000707400000, 0x0000000707400000| Untracked 
|  25|0x0000000707600000, 0x0000000707600000, 0x0000000707800000|  0%| F|  |TAMS 0x0000000707600000, 0x0000000707600000| Untracked 
|  26|0x0000000707800000, 0x0000000707800000, 0x0000000707a00000|  0%| F|  |TAMS 0x0000000707800000, 0x0000000707800000| Untracked 
|  27|0x0000000707a00000, 0x0000000707a00000, 0x0000000707c00000|  0%| F|  |TAMS 0x0000000707a00000, 0x0000000707a00000| Untracked 
|  28|0x0000000707c00000, 0x0000000707c00000, 0x0000000707e00000|  0%| F|  |TAMS 0x0000000707c00000, 0x0000000707c00000| Untracked 
|  29|0x0000000707e00000, 0x0000000707e00000, 0x0000000708000000|  0%| F|  |TAMS 0x0000000707e00000, 0x0000000707e00000| Untracked 
|  30|0x0000000708000000, 0x0000000708000000, 0x0000000708200000|  0%| F|  |TAMS 0x0000000708000000, 0x0000000708000000| Untracked 
|  31|0x0000000708200000, 0x0000000708200000, 0x0000000708400000|  0%| F|  |TAMS 0x0000000708200000, 0x0000000708200000| Untracked 
|  32|0x0000000708400000, 0x0000000708400000, 0x0000000708600000|  0%| F|  |TAMS 0x0000000708400000, 0x0000000708400000| Untracked 
|  33|0x0000000708600000, 0x0000000708600000, 0x0000000708800000|  0%| F|  |TAMS 0x0000000708600000, 0x0000000708600000| Untracked 
|  34|0x0000000708800000, 0x0000000708800000, 0x0000000708a00000|  0%| F|  |TAMS 0x0000000708800000, 0x0000000708800000| Untracked 
|  35|0x0000000708a00000, 0x0000000708a00000, 0x0000000708c00000|  0%| F|  |TAMS 0x0000000708a00000, 0x0000000708a00000| Untracked 
|  36|0x0000000708c00000, 0x0000000708c00000, 0x0000000708e00000|  0%| F|  |TAMS 0x0000000708c00000, 0x0000000708c00000| Untracked 
|  37|0x0000000708e00000, 0x0000000708e00000, 0x0000000709000000|  0%| F|  |TAMS 0x0000000708e00000, 0x0000000708e00000| Untracked 
|  38|0x0000000709000000, 0x0000000709000000, 0x0000000709200000|  0%| F|  |TAMS 0x0000000709000000, 0x0000000709000000| Untracked 
|  39|0x0000000709200000, 0x0000000709200000, 0x0000000709400000|  0%| F|  |TAMS 0x0000000709200000, 0x0000000709200000| Untracked 
|  40|0x0000000709400000, 0x0000000709400000, 0x0000000709600000|  0%| F|  |TAMS 0x0000000709400000, 0x0000000709400000| Untracked 
|  41|0x0000000709600000, 0x0000000709600000, 0x0000000709800000|  0%| F|  |TAMS 0x0000000709600000, 0x0000000709600000| Untracked 
|  42|0x0000000709800000, 0x0000000709800000, 0x0000000709a00000|  0%| F|  |TAMS 0x0000000709800000, 0x0000000709800000| Untracked 
|  43|0x0000000709a00000, 0x0000000709a00000, 0x0000000709c00000|  0%| F|  |TAMS 0x0000000709a00000, 0x0000000709a00000| Untracked 
|  44|0x0000000709c00000, 0x0000000709c00000, 0x0000000709e00000|  0%| F|  |TAMS 0x0000000709c00000, 0x0000000709c00000| Untracked 
|  45|0x0000000709e00000, 0x0000000709e00000, 0x000000070a000000|  0%| F|  |TAMS 0x0000000709e00000, 0x0000000709e00000| Untracked 
|  46|0x000000070a000000, 0x000000070a000000, 0x000000070a200000|  0%| F|  |TAMS 0x000000070a000000, 0x000000070a000000| Untracked 
|  47|0x000000070a200000, 0x000000070a200000, 0x000000070a400000|  0%| F|  |TAMS 0x000000070a200000, 0x000000070a200000| Untracked 
|  48|0x000000070a400000, 0x000000070a400000, 0x000000070a600000|  0%| F|  |TAMS 0x000000070a400000, 0x000000070a400000| Untracked 
|  49|0x000000070a600000, 0x000000070a600000, 0x000000070a800000|  0%| F|  |TAMS 0x000000070a600000, 0x000000070a600000| Untracked 
|  50|0x000000070a800000, 0x000000070a800000, 0x000000070aa00000|  0%| F|  |TAMS 0x000000070a800000, 0x000000070a800000| Untracked 
|  51|0x000000070aa00000, 0x000000070aa00000, 0x000000070ac00000|  0%| F|  |TAMS 0x000000070aa00000, 0x000000070aa00000| Untracked 
|  52|0x000000070ac00000, 0x000000070ac00000, 0x000000070ae00000|  0%| F|  |TAMS 0x000000070ac00000, 0x000000070ac00000| Untracked 
|  53|0x000000070ae00000, 0x000000070ae00000, 0x000000070b000000|  0%| F|  |TAMS 0x000000070ae00000, 0x000000070ae00000| Untracked 
|  54|0x000000070b000000, 0x000000070b000000, 0x000000070b200000|  0%| F|  |TAMS 0x000000070b000000, 0x000000070b000000| Untracked 
|  55|0x000000070b200000, 0x000000070b200000, 0x000000070b400000|  0%| F|  |TAMS 0x000000070b200000, 0x000000070b200000| Untracked 
|  56|0x000000070b400000, 0x000000070b400000, 0x000000070b600000|  0%| F|  |TAMS 0x000000070b400000, 0x000000070b400000| Untracked 
|  57|0x000000070b600000, 0x000000070b600000, 0x000000070b800000|  0%| F|  |TAMS 0x000000070b600000, 0x000000070b600000| Untracked 
|  58|0x000000070b800000, 0x000000070b800000, 0x000000070ba00000|  0%| F|  |TAMS 0x000000070b800000, 0x000000070b800000| Untracked 
|  59|0x000000070ba00000, 0x000000070ba00000, 0x000000070bc00000|  0%| F|  |TAMS 0x000000070ba00000, 0x000000070ba00000| Untracked 
|  60|0x000000070bc00000, 0x000000070bc00000, 0x000000070be00000|  0%| F|  |TAMS 0x000000070bc00000, 0x000000070bc00000| Untracked 
|  61|0x000000070be00000, 0x000000070be00000, 0x000000070c000000|  0%| F|  |TAMS 0x000000070be00000, 0x000000070be00000| Untracked 
|  62|0x000000070c000000, 0x000000070c000000, 0x000000070c200000|  0%| F|  |TAMS 0x000000070c000000, 0x000000070c000000| Untracked 
|  63|0x000000070c200000, 0x000000070c200000, 0x000000070c400000|  0%| F|  |TAMS 0x000000070c200000, 0x000000070c200000| Untracked 
|  64|0x000000070c400000, 0x000000070c400000, 0x000000070c600000|  0%| F|  |TAMS 0x000000070c400000, 0x000000070c400000| Untracked 
|  65|0x000000070c600000, 0x000000070c600000, 0x000000070c800000|  0%| F|  |TAMS 0x000000070c600000, 0x000000070c600000| Untracked 
|  66|0x000000070c800000, 0x000000070c800000, 0x000000070ca00000|  0%| F|  |TAMS 0x000000070c800000, 0x000000070c800000| Untracked 
|  67|0x000000070ca00000, 0x000000070ca00000, 0x000000070cc00000|  0%| F|  |TAMS 0x000000070ca00000, 0x000000070ca00000| Untracked 
|  68|0x000000070cc00000, 0x000000070cc00000, 0x000000070ce00000|  0%| F|  |TAMS 0x000000070cc00000, 0x000000070cc00000| Untracked 
|  69|0x000000070ce00000, 0x000000070ce00000, 0x000000070d000000|  0%| F|  |TAMS 0x000000070ce00000, 0x000000070ce00000| Untracked 
|  70|0x000000070d000000, 0x000000070d000000, 0x000000070d200000|  0%| F|  |TAMS 0x000000070d000000, 0x000000070d000000| Untracked 
|  71|0x000000070d200000, 0x000000070d200000, 0x000000070d400000|  0%| F|  |TAMS 0x000000070d200000, 0x000000070d200000| Untracked 
|  72|0x000000070d400000, 0x000000070d400000, 0x000000070d600000|  0%| F|  |TAMS 0x000000070d400000, 0x000000070d400000| Untracked 
|  73|0x000000070d600000, 0x000000070d600000, 0x000000070d800000|  0%| F|  |TAMS 0x000000070d600000, 0x000000070d600000| Untracked 
|  74|0x000000070d800000, 0x000000070d800000, 0x000000070da00000|  0%| F|  |TAMS 0x000000070d800000, 0x000000070d800000| Untracked 
|  75|0x000000070da00000, 0x000000070da00000, 0x000000070dc00000|  0%| F|  |TAMS 0x000000070da00000, 0x000000070da00000| Untracked 
|  76|0x000000070dc00000, 0x000000070dc00000, 0x000000070de00000|  0%| F|  |TAMS 0x000000070dc00000, 0x000000070dc00000| Untracked 
|  77|0x000000070de00000, 0x000000070de00000, 0x000000070e000000|  0%| F|  |TAMS 0x000000070de00000, 0x000000070de00000| Untracked 
|  78|0x000000070e000000, 0x000000070e000000, 0x000000070e200000|  0%| F|  |TAMS 0x000000070e000000, 0x000000070e000000| Untracked 
|  79|0x000000070e200000, 0x000000070e200000, 0x000000070e400000|  0%| F|  |TAMS 0x000000070e200000, 0x000000070e200000| Untracked 
|  80|0x000000070e400000, 0x000000070e400000, 0x000000070e600000|  0%| F|  |TAMS 0x000000070e400000, 0x000000070e400000| Untracked 
|  81|0x000000070e600000, 0x000000070e600000, 0x000000070e800000|  0%| F|  |TAMS 0x000000070e600000, 0x000000070e600000| Untracked 
|  82|0x000000070e800000, 0x000000070e800000, 0x000000070ea00000|  0%| F|  |TAMS 0x000000070e800000, 0x000000070e800000| Untracked 
|  83|0x000000070ea00000, 0x000000070ea00000, 0x000000070ec00000|  0%| F|  |TAMS 0x000000070ea00000, 0x000000070ea00000| Untracked 
|  84|0x000000070ec00000, 0x000000070ec00000, 0x000000070ee00000|  0%| F|  |TAMS 0x000000070ec00000, 0x000000070ec00000| Untracked 
|  85|0x000000070ee00000, 0x000000070ee00000, 0x000000070f000000|  0%| F|  |TAMS 0x000000070ee00000, 0x000000070ee00000| Untracked 
|  86|0x000000070f000000, 0x000000070f000000, 0x000000070f200000|  0%| F|  |TAMS 0x000000070f000000, 0x000000070f000000| Untracked 
|  87|0x000000070f200000, 0x000000070f200000, 0x000000070f400000|  0%| F|  |TAMS 0x000000070f200000, 0x000000070f200000| Untracked 
|  88|0x000000070f400000, 0x000000070f400000, 0x000000070f600000|  0%| F|  |TAMS 0x000000070f400000, 0x000000070f400000| Untracked 
|  89|0x000000070f600000, 0x000000070f600000, 0x000000070f800000|  0%| F|  |TAMS 0x000000070f600000, 0x000000070f600000| Untracked 
|  90|0x000000070f800000, 0x000000070f800000, 0x000000070fa00000|  0%| F|  |TAMS 0x000000070f800000, 0x000000070f800000| Untracked 
|  91|0x000000070fa00000, 0x000000070fa00000, 0x000000070fc00000|  0%| F|  |TAMS 0x000000070fa00000, 0x000000070fa00000| Untracked 
|  92|0x000000070fc00000, 0x000000070fc00000, 0x000000070fe00000|  0%| F|  |TAMS 0x000000070fc00000, 0x000000070fc00000| Untracked 
|  93|0x000000070fe00000, 0x000000070fe00000, 0x0000000710000000|  0%| F|  |TAMS 0x000000070fe00000, 0x000000070fe00000| Untracked 
|  94|0x0000000710000000, 0x0000000710000000, 0x0000000710200000|  0%| F|  |TAMS 0x0000000710000000, 0x0000000710000000| Untracked 
|  95|0x0000000710200000, 0x0000000710200000, 0x0000000710400000|  0%| F|  |TAMS 0x0000000710200000, 0x0000000710200000| Untracked 
|  96|0x0000000710400000, 0x0000000710400000, 0x0000000710600000|  0%| F|  |TAMS 0x0000000710400000, 0x0000000710400000| Untracked 
|  97|0x0000000710600000, 0x0000000710600000, 0x0000000710800000|  0%| F|  |TAMS 0x0000000710600000, 0x0000000710600000| Untracked 
|  98|0x0000000710800000, 0x0000000710800000, 0x0000000710a00000|  0%| F|  |TAMS 0x0000000710800000, 0x0000000710800000| Untracked 
|  99|0x0000000710a00000, 0x0000000710a00000, 0x0000000710c00000|  0%| F|  |TAMS 0x0000000710a00000, 0x0000000710a00000| Untracked 
| 100|0x0000000710c00000, 0x0000000710c00000, 0x0000000710e00000|  0%| F|  |TAMS 0x0000000710c00000, 0x0000000710c00000| Untracked 
| 101|0x0000000710e00000, 0x0000000710e00000, 0x0000000711000000|  0%| F|  |TAMS 0x0000000710e00000, 0x0000000710e00000| Untracked 
| 102|0x0000000711000000, 0x0000000711000000, 0x0000000711200000|  0%| F|  |TAMS 0x0000000711000000, 0x0000000711000000| Untracked 
| 103|0x0000000711200000, 0x0000000711200000, 0x0000000711400000|  0%| F|  |TAMS 0x0000000711200000, 0x0000000711200000| Untracked 
| 104|0x0000000711400000, 0x0000000711400000, 0x0000000711600000|  0%| F|  |TAMS 0x0000000711400000, 0x0000000711400000| Untracked 
| 105|0x0000000711600000, 0x0000000711600000, 0x0000000711800000|  0%| F|  |TAMS 0x0000000711600000, 0x0000000711600000| Untracked 
| 106|0x0000000711800000, 0x0000000711800000, 0x0000000711a00000|  0%| F|  |TAMS 0x0000000711800000, 0x0000000711800000| Untracked 
| 107|0x0000000711a00000, 0x0000000711a00000, 0x0000000711c00000|  0%| F|  |TAMS 0x0000000711a00000, 0x0000000711a00000| Untracked 
| 108|0x0000000711c00000, 0x0000000711c00000, 0x0000000711e00000|  0%| F|  |TAMS 0x0000000711c00000, 0x0000000711c00000| Untracked 
| 109|0x0000000711e00000, 0x0000000711e00000, 0x0000000712000000|  0%| F|  |TAMS 0x0000000711e00000, 0x0000000711e00000| Untracked 
| 110|0x0000000712000000, 0x0000000712000000, 0x0000000712200000|  0%| F|  |TAMS 0x0000000712000000, 0x0000000712000000| Untracked 
| 111|0x0000000712200000, 0x0000000712200000, 0x0000000712400000|  0%| F|  |TAMS 0x0000000712200000, 0x0000000712200000| Untracked 
| 112|0x0000000712400000, 0x0000000712400000, 0x0000000712600000|  0%| F|  |TAMS 0x0000000712400000, 0x0000000712400000| Untracked 
| 113|0x0000000712600000, 0x0000000712600000, 0x0000000712800000|  0%| F|  |TAMS 0x0000000712600000, 0x0000000712600000| Untracked 
| 114|0x0000000712800000, 0x0000000712800000, 0x0000000712a00000|  0%| F|  |TAMS 0x0000000712800000, 0x0000000712800000| Untracked 
| 115|0x0000000712a00000, 0x0000000712a00000, 0x0000000712c00000|  0%| F|  |TAMS 0x0000000712a00000, 0x0000000712a00000| Untracked 
| 116|0x0000000712c00000, 0x0000000712c00000, 0x0000000712e00000|  0%| F|  |TAMS 0x0000000712c00000, 0x0000000712c00000| Untracked 
| 117|0x0000000712e00000, 0x0000000712e00000, 0x0000000713000000|  0%| F|  |TAMS 0x0000000712e00000, 0x0000000712e00000| Untracked 
| 118|0x0000000713000000, 0x0000000713000000, 0x0000000713200000|  0%| F|  |TAMS 0x0000000713000000, 0x0000000713000000| Untracked 
| 119|0x0000000713200000, 0x0000000713200000, 0x0000000713400000|  0%| F|  |TAMS 0x0000000713200000, 0x0000000713200000| Untracked 
| 120|0x0000000713400000, 0x0000000713400000, 0x0000000713600000|  0%| F|  |TAMS 0x0000000713400000, 0x0000000713400000| Untracked 
| 121|0x0000000713600000, 0x0000000713600000, 0x0000000713800000|  0%| F|  |TAMS 0x0000000713600000, 0x0000000713600000| Untracked 
| 122|0x0000000713800000, 0x00000007138e1cb8, 0x0000000713a00000| 44%| E|  |TAMS 0x0000000713800000, 0x0000000713800000| Complete 
| 123|0x0000000713a00000, 0x0000000713c00000, 0x0000000713c00000|100%| E|CS|TAMS 0x0000000713a00000, 0x0000000713a00000| Complete 
| 124|0x0000000713c00000, 0x0000000713e00000, 0x0000000713e00000|100%| E|CS|TAMS 0x0000000713c00000, 0x0000000713c00000| Complete 
| 125|0x0000000713e00000, 0x0000000714000000, 0x0000000714000000|100%| E|CS|TAMS 0x0000000713e00000, 0x0000000713e00000| Complete 

Card table byte_map: [0x00000237579f0000,0x00000237581d0000] _byte_map_base: 0x00000237541ce000

Marking Bits (Prev, Next): (CMBitMap*) 0x000002374015fe70, (CMBitMap*) 0x000002374015feb0
 Prev Bits: [0x00000237589b0000, 0x000002375c8a0000)
 Next Bits: [0x000002375c8a0000, 0x0000023760790000)

Polling page: 0x000002373e090000

Metaspace:

Usage:
  Non-class:      1.11 MB used.
      Class:    101.31 KB used.
       Both:      1.21 MB used.

Virtual space:
  Non-class space:        8.00 MB reserved,       1.19 MB ( 15%) committed,  1 nodes.
      Class space:        1.00 GB reserved,     192.00 KB ( <1%) committed,  1 nodes.
             Both:        1.01 GB reserved,       1.38 MB ( <1%) committed. 

Chunk freelists:
   Non-Class:  3.85 MB
       Class:  3.71 MB
        Both:  7.56 MB

MaxMetaspaceSize: unlimited
CompressedClassSpaceSize: 1.00 GB
Initial GC threshold: 21.00 MB
Current GC threshold: 21.00 MB
CDS: on
MetaspaceReclaimPolicy: balanced
 - commit_granule_bytes: 65536.
 - commit_granule_words: 8192.
 - virtual_space_node_default_size: 1048576.
 - enlarge_chunks_in_place: 1.
 - new_chunks_are_fully_committed: 0.
 - uncommit_free_chunks: 1.
 - use_allocation_guard: 0.
 - handle_deallocations: 1.


Internal statistics:

num_allocs_failed_limit: 0.
num_arena_births: 26.
num_arena_deaths: 0.
num_vsnodes_births: 2.
num_vsnodes_deaths: 0.
num_space_committed: 22.
num_space_uncommitted: 0.
num_chunks_returned_to_freelist: 0.
num_chunks_taken_from_freelist: 41.
num_chunk_merges: 0.
num_chunk_splits: 25.
num_chunks_enlarged: 15.
num_purges: 0.
num_inconsistent_stats: 0.

CodeHeap 'non-profiled nmethods': size=119168Kb used=108Kb max_used=108Kb free=119059Kb
 bounds [0x000002374f510000, 0x000002374f780000, 0x0000023756970000]
CodeHeap 'profiled nmethods': size=119104Kb used=480Kb max_used=480Kb free=118623Kb
 bounds [0x00000237480c0000, 0x0000023748330000, 0x000002374f510000]
CodeHeap 'non-nmethods': size=7488Kb used=2818Kb max_used=2833Kb free=4669Kb
 bounds [0x0000023747970000, 0x0000023747c40000, 0x00000237480c0000]
 total_blobs=775 nmethods=360 adapters=325
 compilation: enabled
              stopped_count=0, restarted_count=0
 full_count=0

Compilation events (20 events):
Event: 1.105 Thread 0x00000237645207a0  351       3       java.lang.Class::getPackageName (81 bytes)
Event: 1.106 Thread 0x00000237645207a0 nmethod 351 0x0000023748134390 code [0x0000023748134620, 0x00000237481350e8]
Event: 1.106 Thread 0x00000237645207a0  352       1       java.util.LinkedHashMap::removeEldestEntry (2 bytes)
Event: 1.106 Thread 0x00000237644c7dd0  353       3       java.util.LinkedHashMap::newNode (23 bytes)
Event: 1.106 Thread 0x00000237645207a0 nmethod 352 0x000002374f52a110 code [0x000002374f52a2a0, 0x000002374f52a378]
Event: 1.106 Thread 0x000002376440b6e0  357       4       java.util.HashMap$Node::<init> (26 bytes)
Event: 1.106 Thread 0x0000023764517190  354       3       java.util.LinkedHashMap$Entry::<init> (10 bytes)
Event: 1.106 Thread 0x000002376440c090  355       3       java.util.LinkedHashMap::linkNodeLast (33 bytes)
Event: 1.106 Thread 0x00000237645207a0  356       3       java.util.LinkedHashMap::afterNodeInsertion (40 bytes)
Event: 1.107 Thread 0x00000237644c7dd0 nmethod 353 0x0000023748135490 code [0x0000023748135660, 0x0000023748135a88]
Event: 1.107 Thread 0x0000023764517190 nmethod 354 0x0000023748135c10 code [0x0000023748135dc0, 0x00000237481360b8]
Event: 1.107 Thread 0x000002376440c090 nmethod 355 0x0000023748136190 code [0x0000023748136340, 0x0000023748136678]
Event: 1.107 Thread 0x00000237645207a0 nmethod 356 0x0000023748136790 code [0x0000023748136940, 0x0000023748136b38]
Event: 1.108 Thread 0x00000237645207a0  358       3       java.lang.StringLatin1::inflate (34 bytes)
Event: 1.108 Thread 0x00000237645207a0 nmethod 358 0x0000023748136c10 code [0x0000023748136dc0, 0x0000023748136fd8]
Event: 1.109 Thread 0x000002376440b6e0 nmethod 357 0x000002374f52a410 code [0x000002374f52a580, 0x000002374f52a898]
Event: 1.109 Thread 0x0000023764517190  360       3       java.util.concurrent.ConcurrentHashMap$Traverser::advance (188 bytes)
Event: 1.109 Thread 0x000002376440b6e0  359       4       java.lang.AbstractStringBuilder::ensureCapacityInternal (39 bytes)
Event: 1.109 Thread 0x0000023764517190 nmethod 360 0x0000023748137190 code [0x00000237481373e0, 0x0000023748138008]
Event: 1.111 Thread 0x000002376440b6e0 nmethod 359 0x000002374f52a910 code [0x000002374f52aaa0, 0x000002374f52af28]

GC Heap History (0 events):
No events

Deoptimization events (6 events):
Event: 0.063 Thread 0x00000237400f6310 Uncommon trap: trap_request=0xffffff45 fr.pc=0x000002374f51ef04 relative=0x0000000000000084
Event: 0.063 Thread 0x00000237400f6310 Uncommon trap: reason=unstable_if action=reinterpret pc=0x000002374f51ef04 method=java.lang.String.charAt(I)C @ 4 c2
Event: 0.063 Thread 0x00000237400f6310 DEOPT PACKING pc=0x000002374f51ef04 sp=0x0000009e1a9fde50
Event: 0.063 Thread 0x00000237400f6310 DEOPT UNPACKING pc=0x00000237479c23a3 sp=0x0000009e1a9fddf0 mode 2
Event: 0.344 Thread 0x00000237647c0bd0 DEOPT PACKING pc=0x0000023748123c59 sp=0x0000009e1c2ff410
Event: 0.344 Thread 0x00000237647c0bd0 DEOPT UNPACKING pc=0x00000237479c2b43 sp=0x0000009e1c2fe8e8 mode 0

Classes unloaded (0 events):
No events

Classes redefined (0 events):
No events

Internal exceptions (6 events):
Event: 0.057 Thread 0x00000237646dc2b0 Exception <a 'java/lang/NoSuchMethodError'{0x0000000713d570f0}: 'java.lang.Object java.lang.invoke.DirectMethodHandle$Holder.invokeStaticInit(java.lang.Object)'> (0x0000000713d570f0) 
thrown [t:\workspace\open\src\hotspot\share\interpreter\linkResolver.cpp, line 766]
Event: 0.060 Thread 0x00000237646dc2b0 Exception <a 'java/lang/NoSuchMethodError'{0x0000000713d64db8}: 'void java.lang.invoke.DirectMethodHandle$Holder.invokeStatic(java.lang.Object, java.lang.Object)'> (0x0000000713d64db8) 
thrown [t:\workspace\open\src\hotspot\share\interpreter\linkResolver.cpp, line 766]
Event: 0.063 Thread 0x00000237400f6310 Exception <a 'java/io/FileNotFoundException'{0x0000000713d35ab0}> (0x0000000713d35ab0) 
thrown [t:\workspace\open\src\hotspot\share\prims\jni.cpp, line 516]
Event: 0.196 Thread 0x00000237400f6310 Exception <a 'java/io/FileNotFoundException'{0x0000000713d478c8}> (0x0000000713d478c8) 
thrown [t:\workspace\open\src\hotspot\share\prims\jni.cpp, line 516]
Event: 0.197 Thread 0x00000237400f6310 Exception <a 'java/io/FileNotFoundException'{0x0000000713dc6c08}> (0x0000000713dc6c08) 
thrown [t:\workspace\open\src\hotspot\share\prims\jni.cpp, line 516]
Event: 0.326 Thread 0x00000237400f6310 Exception <a 'java/io/FileNotFoundException'{0x0000000713dd84a0}> (0x0000000713dd84a0) 
thrown [t:\workspace\open\src\hotspot\share\prims\jni.cpp, line 516]

VM Operations (10 events):
Event: 0.035 Executing VM operation: HandshakeAllThreads
Event: 0.035 Executing VM operation: HandshakeAllThreads done
Event: 0.056 Executing VM operation: HandshakeAllThreads
Event: 0.056 Executing VM operation: HandshakeAllThreads done
Event: 0.060 Executing VM operation: HandshakeAllThreads
Event: 0.060 Executing VM operation: HandshakeAllThreads done
Event: 1.064 Executing VM operation: Cleanup
Event: 1.064 Executing VM operation: Cleanup done
Event: 2.065 Executing VM operation: Cleanup
Event: 2.065 Executing VM operation: Cleanup done

Events (20 events):
Event: 1.103 loading class sun/util/locale/provider/TimeZoneNameProviderImpl done
Event: 1.103 loading class sun/util/cldr/CLDRTimeZoneNameProviderImpl done
Event: 1.104 loading class sun/util/locale/provider/BaseLocaleDataMetaInfo
Event: 1.104 loading class sun/util/locale/provider/BaseLocaleDataMetaInfo done
Event: 1.105 loading class sun/util/resources/cldr/TimeZoneNames
Event: 1.105 loading class sun/util/resources/TimeZoneNamesBundle
Event: 1.105 loading class sun/util/resources/OpenListResourceBundle
Event: 1.105 loading class sun/util/resources/OpenListResourceBundle done
Event: 1.105 loading class sun/util/resources/TimeZoneNamesBundle done
Event: 1.105 loading class sun/util/resources/cldr/TimeZoneNames done
Event: 1.105 loading class sun/util/resources/cldr/TimeZoneNames_en
Event: 1.106 loading class sun/util/resources/cldr/TimeZoneNames_en done
Event: 1.106 loading class sun/util/resources/cldr/TimeZoneNames_en_US
Event: 1.106 loading class sun/util/resources/cldr/TimeZoneNames_en_US done
Event: 1.106 loading class java/util/LinkedHashMap$LinkedKeySet
Event: 1.106 loading class java/util/LinkedHashMap$LinkedKeySet done
Event: 1.107 loading class sun/util/resources/TimeZoneNames
Event: 1.107 loading class sun/util/resources/TimeZoneNames done
Event: 1.107 loading class sun/util/resources/TimeZoneNames_en
Event: 1.107 loading class sun/util/resources/TimeZoneNames_en done


Dynamic libraries:
0x00007ff6b6840000 - 0x00007ff6b6850000 	F:\Java\jdk-17.0.3\bin\java.exe
0x00007ff83b3a0000 - 0x00007ff83b5a9000 	C:\Windows\SYSTEM32\ntdll.dll
0x00007ff839ca0000 - 0x00007ff839d5e000 	C:\Windows\System32\KERNEL32.DLL
0x00007ff838a50000 - 0x00007ff838dcc000 	C:\Windows\System32\KERNELBASE.dll
0x00007ff838e70000 - 0x00007ff838f81000 	C:\Windows\System32\ucrtbase.dll
0x00007ff834510000 - 0x00007ff834528000 	F:\Java\jdk-17.0.3\bin\jli.dll
0x00007ff8393e0000 - 0x00007ff83948e000 	C:\Windows\System32\ADVAPI32.dll
0x00007ff834280000 - 0x00007ff83429a000 	F:\Java\jdk-17.0.3\bin\VCRUNTIME140.dll
0x00007ff839330000 - 0x00007ff8393d3000 	C:\Windows\System32\msvcrt.dll
0x00007ff83acc0000 - 0x00007ff83ad5e000 	C:\Windows\System32\sechost.dll
0x00007ff83a530000 - 0x00007ff83a650000 	C:\Windows\System32\RPCRT4.dll
0x00007ff83a740000 - 0x00007ff83a8ed000 	C:\Windows\System32\USER32.dll
0x00007ff8391f0000 - 0x00007ff839216000 	C:\Windows\System32\win32u.dll
0x00007ff839300000 - 0x00007ff839329000 	C:\Windows\System32\GDI32.dll
0x00007ff838f90000 - 0x00007ff8390a8000 	C:\Windows\System32\gdi32full.dll
0x00007ff8244d0000 - 0x00007ff824775000 	C:\Windows\WinSxS\amd64_microsoft.windows.common-controls_6595b64144ccf1df_6.0.22000.120_none_9d947278b86cc467\COMCTL32.dll
0x00007ff838dd0000 - 0x00007ff838e6d000 	C:\Windows\System32\msvcp_win.dll
0x00007ff834090000 - 0x00007ff83409a000 	C:\Windows\SYSTEM32\VERSION.dll
0x00007ff83a8f0000 - 0x00007ff83a921000 	C:\Windows\System32\IMM32.DLL
0x00007ff8345b0000 - 0x00007ff8345bc000 	F:\Java\jdk-17.0.3\bin\vcruntime140_1.dll
0x00007ff808220000 - 0x00007ff8082ad000 	F:\Java\jdk-17.0.3\bin\msvcp140.dll
0x00007fffb5230000 - 0x00007fffb5df0000 	F:\Java\jdk-17.0.3\bin\server\jvm.dll
0x00007ff83ac00000 - 0x00007ff83ac08000 	C:\Windows\System32\PSAPI.DLL
0x00007ff834540000 - 0x00007ff834549000 	C:\Windows\SYSTEM32\WSOCK32.dll
0x00007ff834160000 - 0x00007ff834193000 	C:\Windows\SYSTEM32\WINMM.dll
0x00007ff83b000000 - 0x00007ff83b06f000 	C:\Windows\System32\WS2_32.dll
0x00007ff8379c0000 - 0x00007ff8379d8000 	C:\Windows\SYSTEM32\kernel.appcore.dll
0x00007ff834260000 - 0x00007ff83426a000 	F:\Java\jdk-17.0.3\bin\jimage.dll
0x00007ff8363f0000 - 0x00007ff836611000 	C:\Windows\SYSTEM32\DBGHELP.DLL
0x00007ff832a50000 - 0x00007ff832a81000 	C:\Windows\SYSTEM32\dbgcore.DLL
0x00007ff8390b0000 - 0x00007ff83912f000 	C:\Windows\System32\bcryptPrimitives.dll
0x00007ff832de0000 - 0x00007ff832dee000 	F:\Java\jdk-17.0.3\bin\instrument.dll
0x00007ff833a00000 - 0x00007ff833a25000 	F:\Java\jdk-17.0.3\bin\java.dll
0x00007fffe4230000 - 0x00007fffe4306000 	F:\Java\jdk-17.0.3\bin\jsvml.dll
0x00007ff839d60000 - 0x00007ff83a525000 	C:\Windows\System32\SHELL32.dll
0x00007ff836930000 - 0x00007ff837195000 	C:\Windows\SYSTEM32\windows.storage.dll
0x00007ff839920000 - 0x00007ff839c96000 	C:\Windows\System32\combase.dll
0x00007ff8367c0000 - 0x00007ff836926000 	C:\Windows\SYSTEM32\wintypes.dll
0x00007ff83a930000 - 0x00007ff83aa1a000 	C:\Windows\System32\SHCORE.dll
0x00007ff83ae80000 - 0x00007ff83aedd000 	C:\Windows\System32\shlwapi.dll
0x00007ff8387a0000 - 0x00007ff8387c1000 	C:\Windows\SYSTEM32\profapi.dll
0x00007ff8310c0000 - 0x00007ff8310d8000 	F:\Java\jdk-17.0.3\bin\zip.dll
0x00007ff832dc0000 - 0x00007ff832dd9000 	F:\java\jdk-17.0.3\bin\net.dll
0x00007ff8338b0000 - 0x00007ff8339c2000 	C:\Windows\SYSTEM32\WINHTTP.dll
0x00007ff837e80000 - 0x00007ff837ee7000 	C:\Windows\system32\mswsock.dll
0x00007ff831eb0000 - 0x00007ff831ec6000 	F:\java\jdk-17.0.3\bin\nio.dll
0x00007ff81c7f0000 - 0x00007ff81c80a000 	F:\IDEA\IntelliJ IDEA 2021.3.3\bin\breakgen64.dll
0x00007ff81d6f0000 - 0x00007ff81d700000 	F:\Java\jdk-17.0.3\bin\verify.dll
0x0000000180000000 - 0x0000000180025000 	F:\java\jdk-17.0.3\bin\rxtxSerial.dll

dbghelp: loaded successfully - version: 4.0.5 - missing functions: none
symbol engine: initialized successfully - sym options: 0x614 - pdb path: .;F:\Java\jdk-17.0.3\bin;C:\Windows\SYSTEM32;C:\Windows\WinSxS\amd64_microsoft.windows.common-controls_6595b64144ccf1df_6.0.22000.120_none_9d947278b86cc467;F:\Java\jdk-17.0.3\bin\server;F:\IDEA\IntelliJ IDEA 2021.3.3\bin

VM Arguments:
jvm_args: -javaagent:F:\IDEA\IntelliJ IDEA 2021.3.3\lib\idea_rt.jar=53703:F:\IDEA\IntelliJ IDEA 2021.3.3\bin -Dfile.encoding=UTF-8 
java_command: chuankou.ContinueckRead
java_class_path (initial): F:\java_project\demo\out\production\demo;F:\java_lib\mfz-rxtx-2.2-20081207-win-x64\RXTXcomm.jar
Launcher Type: SUN_STANDARD

[Global flags]
     intx CICompilerCount                          = 12                                        {product} {ergonomic}
     uint ConcGCThreads                            = 3                                         {product} {ergonomic}
     uint G1ConcRefinementThreads                  = 13                                        {product} {ergonomic}
   size_t G1HeapRegionSize                         = 2097152                                   {product} {ergonomic}
    uintx GCDrainStackTargetSize                   = 64                                        {product} {ergonomic}
   size_t InitialHeapSize                          = 264241152                                 {product} {ergonomic}
   size_t MarkStackSize                            = 4194304                                   {product} {ergonomic}
   size_t MaxHeapSize                              = 4223664128                                {product} {ergonomic}
   size_t MaxNewSize                               = 2533359616                                {product} {ergonomic}
   size_t MinHeapDeltaBytes                        = 2097152                                   {product} {ergonomic}
   size_t MinHeapSize                              = 8388608                                   {product} {ergonomic}
    uintx NonNMethodCodeHeapSize                   = 7602480                                {pd product} {ergonomic}
    uintx NonProfiledCodeHeapSize                  = 122027880                              {pd product} {ergonomic}
    uintx ProfiledCodeHeapSize                     = 122027880                              {pd product} {ergonomic}
    uintx ReservedCodeCacheSize                    = 251658240                              {pd product} {ergonomic}
     bool SegmentedCodeCache                       = true                                      {product} {ergonomic}
   size_t SoftMaxHeapSize                          = 4223664128                             {manageable} {ergonomic}
     bool UseCompressedClassPointers               = true                           {product lp64_product} {ergonomic}
     bool UseCompressedOops                        = true                           {product lp64_product} {ergonomic}
     bool UseG1GC                                  = true                                      {product} {ergonomic}
     bool UseLargePagesIndividualAllocation        = false                                  {pd product} {ergonomic}

Logging:
Log output configuration:
 #0: stdout all=warning uptime,level,tags
 #1: stderr all=off uptime,level,tags

Environment Variables:
JAVA_HOME=F:\java\jdk-17.0.3
CLASSPATH=.;%JAVA_HOME%\lib\dt.jar;%JAVA_HOME%\lib\tools.jar
PATH=C:\Program Files\NVIDIA GPU Computing Toolkit\CUDA\v11.3\bin;C:\Program Files\NVIDIA GPU Computing Toolkit\CUDA\v11.3\libnvvp;C:\Program Files\Common Files\Oracle\Java\javapath;F:\anaconda;F:\anaconda\Library\mingw-w64\bin;F:\anaconda\Library\usr\bin;F:\anaconda\Library\bin;F:\anaconda\Scripts;C:\Windows\system32;C:\Windows;C:\Windows\System32\Wbem;C:\Windows\System32\WindowsPowerShell\v1.0\;C:\Windows\System32\OpenSSH\;C:\Program Files (x86)\NVIDIA Corporation\PhysX\Common;C:\Program Files\NVIDIA Corporation\NVIDIA NvDLISR;F:\NVIDIA1\CUDA Samples\lib\x64;F:\NVIDIA1\CUDA Samples\bin;D:\NVIDIA1\CUDA Samples\common\lib\x64;D:\NVIDIA1\CUDA Samples\bin\win64;F:\NVIDIA\CUDA\lib\x64;F:\NVIDIA\CUDA\bin;F:\NVIDIA\CUDA Samples\common\lib\x64;F:\NVIDIA\CUDA Samples\bin\win64;C:\Program Files\Microsoft SQL Server\150\Tools\Binn\;C:\Program Files\Microsoft SQL Server\Client SDK\ODBC\170\Tools\Binn\;C:\Program Files\dotnet\;F:\git\Git\cmd;F:\java\jdk-17.0.3\bin;F:\java\jdk-17.0.3\jre\bin;F:\tomcat\apache-tomcat-9.0.64\bin;F:\tools\apache-maven-3.6.1\bin;C:\Program Files\NVIDIA GPU Computing Toolkit\CUDA\v11.3\lib\x64;C:\Program Files\NVIDIA GPU Computing Toolkit\CUDA\v11.3\include;C:\Program Files\NVIDIA GPU Computing Toolkit\CUDA\v11.3\bin;C:\Program Files\NVIDIA GPU Computing Toolkit\CUDA\v11.3\lib\x64;C:\ProgramData\NVIDIA Corporation\CUDA Samples\v11.3\bin\win64;C:\ProgramData\NVIDIA Corporation\CUDA Samples\v11.3\common\lib\x64;C:\Program Files\NVIDIA Corporation\Nsight Compute 2021.1.0\;F:\python\Scripts\;F:\python\;C:\Users\jianxue\AppData\Local\Microsoft\WindowsApps;F:\pycharm\PyCharm 2021.3.3\bin;;C:\Users\jianxue\.dotnet\tools;F:\IDEA\IntelliJ IDEA 2021.3.3\bin;;F:\mysql\bin;
USERNAME=jianxue
OS=Windows_NT
PROCESSOR_IDENTIFIER=Intel64 Family 6 Model 154 Stepping 3, GenuineIntel



---------------  S Y S T E M  ---------------

OS:
 Windows 11 , 64 bit Build 22000 (10.0.22000.1516)
OS uptime: 26 days 7:54 hours
Hyper-V role detected

CPU: total 16 (initial active 16) (8 cores per cpu, 2 threads per core) family 6 model 154 stepping 3 microcode 0x413, cx8, cmov, fxsr, ht, mmx, 3dnowpref, sse, sse2, sse3, ssse3, sse4.1, sse4.2, popcnt, lzcnt, tsc, tscinvbit, avx, avx2, aes, erms, clmul, bmi1, bmi2, adx, sha, fma, vzeroupper, clflush, clflushopt, clwb, hv

Memory: 4k page, system-wide physical 16108M (5866M free)
TotalPageFile size 19052M (AvailPageFile size 3899M)
current process WorkingSet (physical memory assigned to process): 40M, peak: 40M
current process commit charge ("private bytes"): 354M, peak: 354M

vm_info: Java HotSpot(TM) 64-Bit Server VM (17.0.3.1+2-LTS-6) for windows-amd64 JRE (17.0.3.1+2-LTS-6), built on Apr 25 2022 22:04:21 by "mach5one" with MS VC++ 16.8 / 16.9 (VS2019)

END.
